c:\users\liang\desktop\tiangou\client\exe\termapp\termapp\release\vc140.pdb
c:\users\liang\desktop\tiangou\client\exe\termapp\termapp\release\main.obj
c:\users\liang\desktop\tiangou\client\exe\termapp\termapp\release\inithook.obj
c:\users\liang\desktop\tiangou\client\exe\termapp\termapp\release\fileparser.obj
c:\users\liang\desktop\tiangou\client\exe\termapp\termapp\release\xmlreader.obj
c:\users\liang\desktop\tiangou\client\exe\termapp\termapp\release\tinyxmlparser.obj
c:\users\liang\desktop\tiangou\client\exe\termapp\termapp\release\tinyxmlerror.obj
c:\users\liang\desktop\tiangou\client\exe\termapp\termapp\release\tinyxml.obj
c:\users\liang\desktop\tiangou\client\exe\termapp\termapp\release\tinystr.obj
c:\users\liang\desktop\tiangou\client\exe\termapp\termapp\release\tcpserver.obj
c:\users\liang\desktop\tiangou\client\exe\termapp\termapp\release\sys.obj
c:\users\liang\desktop\tiangou\client\exe\termapp\termapp\release\reglib.obj
c:\users\liang\desktop\tiangou\client\exe\termapp\termapp\release\pipeserver.obj
c:\users\liang\desktop\tiangou\client\exe\termapp\termapp\release\pipeclient.obj
c:\users\liang\desktop\tiangou\client\exe\termapp\termapp\release\tcpclient.obj
c:\users\liang\desktop\tiangou\client\exe\termapp\termapp\release\md5.obj
c:\users\liang\desktop\tiangou\client\exe\termapp\termapp\release\logger.obj
c:\users\liang\desktop\tiangou\client\exe\termapp\termapp\release\filelib.obj
c:\users\liang\desktop\tiangou\client\exe\termapp\termapp\release\request.obj
c:\users\liang\desktop\tiangou\client\exe\termapp\termapp\release\curlclient.obj
c:\users\liang\desktop\tiangou\client\exe\termapp\termapp\release\tglogin.obj
c:\users\liang\desktop\tiangou\client\exe\termapp\termapp\release\tgconfig.obj
c:\users\liang\desktop\tiangou\client\exe\termapp\termapp\release\terminfo.obj
c:\users\liang\desktop\tiangou\client\exe\termapp\termapp\release\termapp.obj
c:\users\liang\desktop\tiangou\client\exe\termapp\termapp\release\sensitivecheck.obj
c:\users\liang\desktop\tiangou\client\exe\termapp\termapp\release\requestqueue.obj
c:\users\liang\desktop\tiangou\client\exe\termapp\termapp\release\matchrule.obj
c:\users\liang\desktop\tiangou\client\exe\termapp\termapp\generatedfiles\ui_tip.h
c:\users\liang\desktop\tiangou\client\exe\termapp\termapp\release\termapp.tlog\cl.command.1.tlog
c:\users\liang\desktop\tiangou\client\exe\termapp\termapp\release\termapp.tlog\cl.read.1.tlog
c:\users\liang\desktop\tiangou\client\exe\termapp\termapp\release\termapp.tlog\cl.write.1.tlog
c:\users\liang\desktop\tiangou\client\exe\termapp\termapp\release\termapp.tlog\custombuild.command.1.tlog
c:\users\liang\desktop\tiangou\client\exe\termapp\termapp\release\termapp.tlog\custombuild.read.1.tlog
c:\users\liang\desktop\tiangou\client\exe\termapp\termapp\release\termapp.tlog\custombuild.write.1.tlog
c:\users\liang\desktop\tiangou\client\exe\termapp\termapp\release\termapp.tlog\link.command.1.tlog
c:\users\liang\desktop\tiangou\client\exe\termapp\termapp\release\termapp.tlog\link.read.1.tlog
c:\users\liang\desktop\tiangou\client\exe\termapp\termapp\release\termapp.tlog\link.write.1.tlog
