C:\Program Files (x86)\MSBuild\Microsoft.Cpp\v4.0\V140\Microsoft.CppBuild.targets(368,5): warning MSB8004: Output Directory does not end with a trailing slash.  This build instance will add the slash as it is required to allow proper evaluation of the Output Directory.
cl : 命令行 warning D9025: 正在重写“/sdl”(用“/GS-”)
  FileParser.cpp
C:\Users\Liang\Desktop\TianGou\TGLibrary\log/DebugString.hpp(29): warning C4996: 'sprintf': This function or variable may be unsafe. Consider using sprintf_s instead. To disable deprecation, use _CRT_SECURE_NO_WARNINGS. See online help for details.
  C:\Program Files (x86)\Windows Kits\10\Include\10.0.10240.0\ucrt\stdio.h(1769): note: 参见“sprintf”的声明
FileParser.cpp(183): warning C4996: 'wcsicmp': The POSIX name for this item is deprecated. Instead, use the ISO C and C++ conformant name: _wcsicmp. See online help for details.
  C:\Program Files (x86)\Windows Kits\10\Include\10.0.10240.0\ucrt\corecrt_wstring.h(585): note: 参见“wcsicmp”的声明
FileParser.cpp(187): warning C4996: 'wcsicmp': The POSIX name for this item is deprecated. Instead, use the ISO C and C++ conformant name: _wcsicmp. See online help for details.
  C:\Program Files (x86)\Windows Kits\10\Include\10.0.10240.0\ucrt\corecrt_wstring.h(585): note: 参见“wcsicmp”的声明
FileParser.cpp(191): warning C4996: 'wcsicmp': The POSIX name for this item is deprecated. Instead, use the ISO C and C++ conformant name: _wcsicmp. See online help for details.
  C:\Program Files (x86)\Windows Kits\10\Include\10.0.10240.0\ucrt\corecrt_wstring.h(585): note: 参见“wcsicmp”的声明
FileParser.cpp(195): warning C4996: 'wcsicmp': The POSIX name for this item is deprecated. Instead, use the ISO C and C++ conformant name: _wcsicmp. See online help for details.
  C:\Program Files (x86)\Windows Kits\10\Include\10.0.10240.0\ucrt\corecrt_wstring.h(585): note: 参见“wcsicmp”的声明
FileParser.cpp(199): warning C4996: 'wcsicmp': The POSIX name for this item is deprecated. Instead, use the ISO C and C++ conformant name: _wcsicmp. See online help for details.
  C:\Program Files (x86)\Windows Kits\10\Include\10.0.10240.0\ucrt\corecrt_wstring.h(585): note: 参见“wcsicmp”的声明
FileParser.cpp(203): warning C4996: 'wcsicmp': The POSIX name for this item is deprecated. Instead, use the ISO C and C++ conformant name: _wcsicmp. See online help for details.
  C:\Program Files (x86)\Windows Kits\10\Include\10.0.10240.0\ucrt\corecrt_wstring.h(585): note: 参见“wcsicmp”的声明
FileParser.cpp(207): warning C4996: 'wcsicmp': The POSIX name for this item is deprecated. Instead, use the ISO C and C++ conformant name: _wcsicmp. See online help for details.
  C:\Program Files (x86)\Windows Kits\10\Include\10.0.10240.0\ucrt\corecrt_wstring.h(585): note: 参见“wcsicmp”的声明
FileParser.cpp(211): warning C4996: 'wcsicmp': The POSIX name for this item is deprecated. Instead, use the ISO C and C++ conformant name: _wcsicmp. See online help for details.
  C:\Program Files (x86)\Windows Kits\10\Include\10.0.10240.0\ucrt\corecrt_wstring.h(585): note: 参见“wcsicmp”的声明
FileParser.cpp(215): warning C4996: 'wcsicmp': The POSIX name for this item is deprecated. Instead, use the ISO C and C++ conformant name: _wcsicmp. See online help for details.
  C:\Program Files (x86)\Windows Kits\10\Include\10.0.10240.0\ucrt\corecrt_wstring.h(585): note: 参见“wcsicmp”的声明
FileParser.cpp(219): warning C4996: 'wcsicmp': The POSIX name for this item is deprecated. Instead, use the ISO C and C++ conformant name: _wcsicmp. See online help for details.
  C:\Program Files (x86)\Windows Kits\10\Include\10.0.10240.0\ucrt\corecrt_wstring.h(585): note: 参见“wcsicmp”的声明
FileParser.cpp(223): warning C4996: 'wcsicmp': The POSIX name for this item is deprecated. Instead, use the ISO C and C++ conformant name: _wcsicmp. See online help for details.
  C:\Program Files (x86)\Windows Kits\10\Include\10.0.10240.0\ucrt\corecrt_wstring.h(585): note: 参见“wcsicmp”的声明
  SensitiveCheck.cpp
C:\Users\Liang\Desktop\TianGou\TGLibrary\log/DebugString.hpp(29): warning C4996: 'sprintf': This function or variable may be unsafe. Consider using sprintf_s instead. To disable deprecation, use _CRT_SECURE_NO_WARNINGS. See online help for details.
  C:\Program Files (x86)\Windows Kits\10\Include\10.0.10240.0\ucrt\stdio.h(1769): note: 参见“sprintf”的声明
SensitiveCheck.cpp(123): warning C4018: “<”: 有符号/无符号不匹配
SensitiveCheck.cpp(126): warning C4018: “<”: 有符号/无符号不匹配
SensitiveCheck.cpp(128): warning C4996: 'wcsicmp': The POSIX name for this item is deprecated. Instead, use the ISO C and C++ conformant name: _wcsicmp. See online help for details.
  C:\Program Files (x86)\Windows Kits\10\Include\10.0.10240.0\ucrt\corecrt_wstring.h(585): note: 参见“wcsicmp”的声明
SensitiveCheck.cpp(206): warning C4018: “<”: 有符号/无符号不匹配
SensitiveCheck.cpp(220): warning C4018: “<”: 有符号/无符号不匹配
SensitiveCheck.cpp(243): warning C4018: “<”: 有符号/无符号不匹配
  TermApp.cpp
C:\Users\Liang\Desktop\TianGou\TGLibrary\log/DebugString.hpp(29): warning C4996: 'sprintf': This function or variable may be unsafe. Consider using sprintf_s instead. To disable deprecation, use _CRT_SECURE_NO_WARNINGS. See online help for details.
  C:\Program Files (x86)\Windows Kits\10\Include\10.0.10240.0\ucrt\stdio.h(1769): note: 参见“sprintf”的声明
TermApp.cpp(34): warning C4996: 'sprintf': This function or variable may be unsafe. Consider using sprintf_s instead. To disable deprecation, use _CRT_SECURE_NO_WARNINGS. See online help for details.
  C:\Program Files (x86)\Windows Kits\10\Include\10.0.10240.0\ucrt\stdio.h(1769): note: 参见“sprintf”的声明
TermApp.cpp(39): warning C4996: 'sprintf': This function or variable may be unsafe. Consider using sprintf_s instead. To disable deprecation, use _CRT_SECURE_NO_WARNINGS. See online help for details.
  C:\Program Files (x86)\Windows Kits\10\Include\10.0.10240.0\ucrt\stdio.h(1769): note: 参见“sprintf”的声明
TermApp.cpp(58): warning C4996: 'sprintf': This function or variable may be unsafe. Consider using sprintf_s instead. To disable deprecation, use _CRT_SECURE_NO_WARNINGS. See online help for details.
  C:\Program Files (x86)\Windows Kits\10\Include\10.0.10240.0\ucrt\stdio.h(1769): note: 参见“sprintf”的声明
  正在生成代码...
    正在创建库 ..\..\..\bin\TermApp.lib 和对象 ..\..\..\bin\TermApp.exp
  LINK : 已指定 /LTCG，但不需要生成代码；从链接命令行中移除 /LTCG 以提高链接器性能
  TermApp.vcxproj -> C:\Users\Liang\Desktop\TianGou\client\exe\TermApp\TermApp\..\..\..\bin\TermApp.exe
  TermApp.vcxproj -> ..\..\..\bin\TermApp.pdb (Full PDB)
